-------------------------------------------------------------------------------
Test set: com.mackenzie.calculadora.CalculadoraTest
-------------------------------------------------------------------------------
Tests run: 4, Failures: 1, Errors: 0, Skipped: 0, Time elapsed: 0.035 s <<< FAILURE! - in com.mackenzie.calculadora.CalculadoraTest
testSomar  Time elapsed: 0.009 s  <<< FAILURE!
org.opentest4j.AssertionFailedError: expected: <2.0> but was: <3.0>
	at com.mackenzie.calculadora.CalculadoraTest.testSomar(CalculadoraTest.java:26)

